<?xml version="1.0" encoding="UTF-8"?>
<testng-results skipped="0" failed="0" total="1" passed="1">
  <reporter-output>
  </reporter-output>
  <suite name="Default suite" duration-ms="26" started-at="2022-11-01T13:09:54Z" finished-at="2022-11-01T13:09:54Z">
    <groups>
    </groups>
    <test name="Default test" duration-ms="26" started-at="2022-11-01T13:09:54Z" finished-at="2022-11-01T13:09:54Z">
      <class name="Jenkins.Test.NewTest">
        <test-method status="PASS" signature="beforeTest()[pri:0, instance:Jenkins.Test.NewTest@28feb3fa]" name="beforeTest" is-config="true" duration-ms="6" started-at="2022-11-02T00:09:54Z" finished-at="2022-11-02T00:09:54Z">
          <reporter-output>
          </reporter-output>
        </test-method> <!-- beforeTest -->
        <test-method status="PASS" signature="f()[pri:0, instance:Jenkins.Test.NewTest@28feb3fa]" name="f" duration-ms="7" started-at="2022-11-02T00:09:54Z" finished-at="2022-11-02T00:09:54Z">
          <reporter-output>
          </reporter-output>
        </test-method> <!-- f -->
        <test-method status="PASS" signature="afterTest()[pri:0, instance:Jenkins.Test.NewTest@28feb3fa]" name="afterTest" is-config="true" duration-ms="0" started-at="2022-11-02T00:09:54Z" finished-at="2022-11-02T00:09:54Z">
          <reporter-output>
          </reporter-output>
        </test-method> <!-- afterTest -->
      </class> <!-- Jenkins.Test.NewTest -->
    </test> <!-- Default test -->
  </suite> <!-- Default suite -->
</testng-results>
